2012/01/31 20:18:30 [error] [exception.CHttpException.403] exception 'CHttpException' with message 'You are not allowed to access this page.' in /Applications/XAMPP/xamppfiles/htdocs/vacunas/framework/gii/GiiModule.php:164
Stack trace:
#0 /Applications/XAMPP/xamppfiles/htdocs/vacunas/framework/web/CController.php(255): GiiModule->beforeControllerAction(Object(DefaultController), Object(CInlineAction))
#1 /Applications/XAMPP/xamppfiles/htdocs/vacunas/framework/web/CWebApplication.php(277): CController->run('')
#2 /Applications/XAMPP/xamppfiles/htdocs/vacunas/framework/web/CWebApplication.php(136): CWebApplication->runController('gii')
#3 /Applications/XAMPP/xamppfiles/htdocs/vacunas/framework/base/CApplication.php(158): CWebApplication->processRequest()
#4 /Applications/XAMPP/xamppfiles/htdocs/vacunas/vacunas/index.php(13): CApplication->run()
#5 {main} REQUEST_URI=/vacunas/vacunas/index.php?r=gii
2012/01/31 20:24:18 [error] [exception.CHttpException.404] exception 'CHttpException' with message 'Unable to resolve the request "vacuna".' in /Applications/XAMPP/xamppfiles/htdocs/vacunas/framework/web/CWebApplication.php:281
Stack trace:
#0 /Applications/XAMPP/xamppfiles/htdocs/vacunas/framework/web/CWebApplication.php(136): CWebApplication->runController('vacuna')
#1 /Applications/XAMPP/xamppfiles/htdocs/vacunas/framework/base/CApplication.php(158): CWebApplication->processRequest()
#2 /Applications/XAMPP/xamppfiles/htdocs/vacunas/vacunas/index.php(13): CApplication->run()
#3 {main} REQUEST_URI=/vacunas/vacunas/index.php?r=vacuna
2012/01/31 20:25:10 [error] [system.db.CDbCommand] CDbCommand::fetchAll() failed: SQLSTATE[42S02]: Base table or view not found: 1146 Table '517226_vacuna.vacuna' doesn't exist. The SQL statement executed was: SHOW COLUMNS FROM `vacuna`.
in /Applications/XAMPP/xamppfiles/htdocs/vacunas/vacunas/index.php (13)
2012/01/31 20:28:42 [error] [exception.CHttpException.404] exception 'CHttpException' with message 'Unable to resolve the request "estatus".' in /Applications/XAMPP/xamppfiles/htdocs/vacunas/framework/web/CWebApplication.php:281
Stack trace:
#0 /Applications/XAMPP/xamppfiles/htdocs/vacunas/framework/web/CWebApplication.php(136): CWebApplication->runController('estatus')
#1 /Applications/XAMPP/xamppfiles/htdocs/vacunas/framework/base/CApplication.php(158): CWebApplication->processRequest()
#2 /Applications/XAMPP/xamppfiles/htdocs/vacunas/vacunas/index.php(13): CApplication->run()
#3 {main} REQUEST_URI=/vacunas/vacunas/index.php?r=estatus
2012/02/01 19:10:50 [error] [exception.CException] exception 'CException' with message 'Property "Vacuna.dosis" is not defined.' in /Applications/XAMPP/xamppfiles/htdocs/vacunas/framework/base/CComponent.php:131
Stack trace:
#0 /Applications/XAMPP/xamppfiles/htdocs/vacunas/framework/db/ar/CActiveRecord.php(129): CComponent->__get('dosis')
#1 /Applications/XAMPP/xamppfiles/htdocs/vacunas/vacunas/protected/views/vacuna/_view.php(16): CActiveRecord->__get('dosis')
#2 /Applications/XAMPP/xamppfiles/htdocs/vacunas/framework/web/CBaseController.php(119): require('/Applications/X...')
#3 /Applications/XAMPP/xamppfiles/htdocs/vacunas/framework/web/CBaseController.php(88): CBaseController->renderInternal('/Applications/X...', Array, true)
#4 /Applications/XAMPP/xamppfiles/htdocs/vacunas/framework/web/CController.php(866): CBaseController->renderFile('/Applications/X...', Array, true)
#5 /Applications/XAMPP/xamppfiles/htdocs/vacunas/framework/zii/widgets/CListView.php(242): CController->renderPartial('_view', Array)
#6 /Applications/XAMPP/xamppfiles/htdocs/vacunas/framework/zii/widgets/CBaseListView.php(158): CListView->renderItems()
#7 [internal function]: CBaseListView->renderSection(Array)
#8 /Applications/XAMPP/xamppfiles/htdocs/vacunas/framework/zii/widgets/CBaseListView.php(141): preg_replace_callback('/{(\w+)}/', Array, '{summary}?{sort...')
#9 /Applications/XAMPP/xamppfiles/htdocs/vacunas/framework/zii/widgets/CBaseListView.php(126): CBaseListView->renderContent()
#10 /Applications/XAMPP/xamppfiles/htdocs/vacunas/framework/web/CBaseController.php(166): CBaseListView->run()
#11 /Applications/XAMPP/xamppfiles/htdocs/vacunas/vacunas/protected/views/vacuna/index.php(17): CBaseController->widget('zii.widgets.CLi...', Array)
#12 /Applications/XAMPP/xamppfiles/htdocs/vacunas/framework/web/CBaseController.php(119): require('/Applications/X...')
#13 /Applications/XAMPP/xamppfiles/htdocs/vacunas/framework/web/CBaseController.php(88): CBaseController->renderInternal('/Applications/X...', Array, true)
#14 /Applications/XAMPP/xamppfiles/htdocs/vacunas/framework/web/CController.php(866): CBaseController->renderFile('/Applications/X...', Array, true)
#15 /Applications/XAMPP/xamppfiles/htdocs/vacunas/framework/web/CController.php(779): CController->renderPartial('index', Array, true)
#16 /Applications/XAMPP/xamppfiles/htdocs/vacunas/vacunas/protected/controllers/VacunaController.php(139): CController->render('index', Array)
#17 /Applications/XAMPP/xamppfiles/htdocs/vacunas/framework/web/actions/CInlineAction.php(50): VacunaController->actionIndex()
#18 /Applications/XAMPP/xamppfiles/htdocs/vacunas/framework/web/CController.php(300): CInlineAction->runWithParams(Array)
#19 /Applications/XAMPP/xamppfiles/htdocs/vacunas/framework/web/filters/CFilterChain.php(134): CController->runAction(Object(CInlineAction))
#20 /Applications/XAMPP/xamppfiles/htdocs/vacunas/framework/web/filters/CFilter.php(41): CFilterChain->run()
#21 /Applications/XAMPP/xamppfiles/htdocs/vacunas/framework/web/CController.php(1144): CFilter->filter(Object(CFilterChain))
#22 /Applications/XAMPP/xamppfiles/htdocs/vacunas/framework/web/filters/CInlineFilter.php(59): CController->filterAccessControl(Object(CFilterChain))
#23 /Applications/XAMPP/xamppfiles/htdocs/vacunas/framework/web/filters/CFilterChain.php(131): CInlineFilter->filter(Object(CFilterChain))
#24 /Applications/XAMPP/xamppfiles/htdocs/vacunas/framework/web/CController.php(283): CFilterChain->run()
#25 /Applications/XAMPP/xamppfiles/htdocs/vacunas/framework/web/CController.php(257): CController->runActionWithFilters(Object(CInlineAction), Array)
#26 /Applications/XAMPP/xamppfiles/htdocs/vacunas/framework/web/CWebApplication.php(277): CController->run('')
#27 /Applications/XAMPP/xamppfiles/htdocs/vacunas/framework/web/CWebApplication.php(136): CWebApplication->runController('vacuna')
#28 /Applications/XAMPP/xamppfiles/htdocs/vacunas/framework/base/CApplication.php(158): CWebApplication->processRequest()
#29 /Applications/XAMPP/xamppfiles/htdocs/vacunas/vacunas/index.php(13): CApplication->run()
#30 {main} REQUEST_URI=/vacunas/vacunas/index.php?r=vacuna
2012/02/02 17:10:43 [error] [php] Cannot modify header information - headers already sent by (output started at /Applications/XAMPP/xamppfiles/htdocs/vacunas/vacunas/protected/controllers/SiteController.php:90) (/Applications/XAMPP/xamppfiles/htdocs/vacunas/framework/web/CHttpRequest.php:657)
Stack trace:
#0 /Applications/XAMPP/xamppfiles/htdocs/vacunas/vacunas/protected/controllers/SiteController.php(91): SiteController->redirect()
#1 /Applications/XAMPP/xamppfiles/htdocs/vacunas/framework/web/actions/CInlineAction.php(50): SiteController->actionLogin()
#2 /Applications/XAMPP/xamppfiles/htdocs/vacunas/framework/web/CController.php(300): CInlineAction->runWithParams()
#3 /Applications/XAMPP/xamppfiles/htdocs/vacunas/framework/web/CController.php(278): SiteController->runAction()
#4 /Applications/XAMPP/xamppfiles/htdocs/vacunas/framework/web/CController.php(257): SiteController->runActionWithFilters()
#5 /Applications/XAMPP/xamppfiles/htdocs/vacunas/framework/web/CWebApplication.php(277): SiteController->run()
#6 /Applications/XAMPP/xamppfiles/htdocs/vacunas/framework/web/CWebApplication.php(136): CWebApplication->runController()
#7 /Applications/XAMPP/xamppfiles/htdocs/vacunas/framework/base/CApplication.php(158): CWebApplication->processRequest()
#8 /Applications/XAMPP/xamppfiles/htdocs/vacunas/vacunas/index.php(13): CWebApplication->run()
REQUEST_URI=/vacunas/vacunas/index.php?r=site/login
in /Applications/XAMPP/xamppfiles/htdocs/vacunas/vacunas/protected/controllers/SiteController.php (91)
in /Applications/XAMPP/xamppfiles/htdocs/vacunas/vacunas/index.php (13)
2012/02/02 17:33:33 [error] [system.db.CDbCommand] CDbCommand::fetchAll() failed: SQLSTATE[HY093]: Invalid parameter number: number of bound variables does not match number of tokens. The SQL statement executed was: SELECT * FROM usuarios where correo=:correo and contrasena=:contrasena.
in /Applications/XAMPP/xamppfiles/htdocs/vacunas/vacunas/protected/components/UserIdentity.php (33)
in /Applications/XAMPP/xamppfiles/htdocs/vacunas/vacunas/protected/models/LoginForm.php (52)
in /Applications/XAMPP/xamppfiles/htdocs/vacunas/vacunas/protected/controllers/SiteController.php (92)
2012/02/02 17:33:33 [error] [exception.CDbException] exception 'CDbException' with message 'CDbCommand failed to execute the SQL statement: SQLSTATE[HY093]: Invalid parameter number: number of bound variables does not match number of tokens. The SQL statement executed was: SELECT * FROM usuarios where correo=:correo and contrasena=:contrasena' in /Applications/XAMPP/xamppfiles/htdocs/vacunas/framework/db/CDbCommand.php:516
Stack trace:
#0 /Applications/XAMPP/xamppfiles/htdocs/vacunas/framework/db/CDbCommand.php(374): CDbCommand->queryInternal('fetchAll', Array, Array)
#1 /Applications/XAMPP/xamppfiles/htdocs/vacunas/vacunas/protected/components/UserIdentity.php(33): CDbCommand->queryAll()
#2 /Applications/XAMPP/xamppfiles/htdocs/vacunas/vacunas/protected/models/LoginForm.php(52): UserIdentity->authenticate()
#3 /Applications/XAMPP/xamppfiles/htdocs/vacunas/framework/validators/CInlineValidator.php(39): LoginForm->authenticate('password', Array)
#4 /Applications/XAMPP/xamppfiles/htdocs/vacunas/framework/validators/CValidator.php(192): CInlineValidator->validateAttribute(Object(LoginForm), 'password')
#5 /Applications/XAMPP/xamppfiles/htdocs/vacunas/framework/base/CModel.php(152): CValidator->validate(Object(LoginForm), NULL)
#6 /Applications/XAMPP/xamppfiles/htdocs/vacunas/vacunas/protected/controllers/SiteController.php(92): CModel->validate()
#7 /Applications/XAMPP/xamppfiles/htdocs/vacunas/framework/web/actions/CInlineAction.php(50): SiteController->actionLogin()
#8 /Applications/XAMPP/xamppfiles/htdocs/vacunas/framework/web/CController.php(300): CInlineAction->runWithParams(Array)
#9 /Applications/XAMPP/xamppfiles/htdocs/vacunas/framework/web/CController.php(278): CController->runAction(Object(CInlineAction))
#10 /Applications/XAMPP/xamppfiles/htdocs/vacunas/framework/web/CController.php(257): CController->runActionWithFilters(Object(CInlineAction), Array)
#11 /Applications/XAMPP/xamppfiles/htdocs/vacunas/framework/web/CWebApplication.php(277): CController->run('login')
#12 /Applications/XAMPP/xamppfiles/htdocs/vacunas/framework/web/CWebApplication.php(136): CWebApplication->runController('site/login')
#13 /Applications/XAMPP/xamppfiles/htdocs/vacunas/framework/base/CApplication.php(158): CWebApplication->processRequest()
#14 /Applications/XAMPP/xamppfiles/htdocs/vacunas/vacunas/index.php(13): CApplication->run()
#15 {main} REQUEST_URI=/vacunas/vacunas/index.php?r=site/login
2012/02/02 17:40:11 [error] [php] session_regenerate_id() [<a href='function.session-regenerate-id'>function.session-regenerate-id</a>]: Cannot regenerate session id - headers already sent (/Applications/XAMPP/xamppfiles/htdocs/vacunas/framework/web/CHttpSession.php:166)
Stack trace:
#0 /Applications/XAMPP/xamppfiles/htdocs/vacunas/framework/web/auth/CWebUser.php(213): CWebUser->changeIdentity()
#1 /Applications/XAMPP/xamppfiles/htdocs/vacunas/vacunas/protected/models/LoginForm.php(71): CWebUser->login()
#2 /Applications/XAMPP/xamppfiles/htdocs/vacunas/vacunas/protected/controllers/SiteController.php(95): LoginForm->login()
#3 /Applications/XAMPP/xamppfiles/htdocs/vacunas/framework/web/actions/CInlineAction.php(50): SiteController->actionLogin()
#4 /Applications/XAMPP/xamppfiles/htdocs/vacunas/framework/web/CController.php(300): CInlineAction->runWithParams()
#5 /Applications/XAMPP/xamppfiles/htdocs/vacunas/framework/web/CController.php(278): SiteController->runAction()
#6 /Applications/XAMPP/xamppfiles/htdocs/vacunas/framework/web/CController.php(257): SiteController->runActionWithFilters()
#7 /Applications/XAMPP/xamppfiles/htdocs/vacunas/framework/web/CWebApplication.php(277): SiteController->run()
#8 /Applications/XAMPP/xamppfiles/htdocs/vacunas/framework/web/CWebApplication.php(136): CWebApplication->runController()
#9 /Applications/XAMPP/xamppfiles/htdocs/vacunas/framework/base/CApplication.php(158): CWebApplication->processRequest()
#10 /Applications/XAMPP/xamppfiles/htdocs/vacunas/vacunas/index.php(13): CWebApplication->run()
REQUEST_URI=/vacunas/vacunas/index.php?r=site/login&dispositivo=ios
in /Applications/XAMPP/xamppfiles/htdocs/vacunas/vacunas/protected/models/LoginForm.php (71)
in /Applications/XAMPP/xamppfiles/htdocs/vacunas/vacunas/protected/controllers/SiteController.php (95)
in /Applications/XAMPP/xamppfiles/htdocs/vacunas/vacunas/index.php (13)
2012/02/02 17:41:41 [error] [php] session_regenerate_id() [<a href='function.session-regenerate-id'>function.session-regenerate-id</a>]: Cannot regenerate session id - headers already sent (/Applications/XAMPP/xamppfiles/htdocs/vacunas/framework/web/CHttpSession.php:166)
Stack trace:
#0 /Applications/XAMPP/xamppfiles/htdocs/vacunas/framework/web/auth/CWebUser.php(213): CWebUser->changeIdentity()
#1 /Applications/XAMPP/xamppfiles/htdocs/vacunas/vacunas/protected/models/LoginForm.php(71): CWebUser->login()
#2 /Applications/XAMPP/xamppfiles/htdocs/vacunas/vacunas/protected/controllers/SiteController.php(95): LoginForm->login()
#3 /Applications/XAMPP/xamppfiles/htdocs/vacunas/framework/web/actions/CInlineAction.php(50): SiteController->actionLogin()
#4 /Applications/XAMPP/xamppfiles/htdocs/vacunas/framework/web/CController.php(300): CInlineAction->runWithParams()
#5 /Applications/XAMPP/xamppfiles/htdocs/vacunas/framework/web/CController.php(278): SiteController->runAction()
#6 /Applications/XAMPP/xamppfiles/htdocs/vacunas/framework/web/CController.php(257): SiteController->runActionWithFilters()
#7 /Applications/XAMPP/xamppfiles/htdocs/vacunas/framework/web/CWebApplication.php(277): SiteController->run()
#8 /Applications/XAMPP/xamppfiles/htdocs/vacunas/framework/web/CWebApplication.php(136): CWebApplication->runController()
#9 /Applications/XAMPP/xamppfiles/htdocs/vacunas/framework/base/CApplication.php(158): CWebApplication->processRequest()
#10 /Applications/XAMPP/xamppfiles/htdocs/vacunas/vacunas/index.php(13): CWebApplication->run()
REQUEST_URI=/vacunas/vacunas/index.php?r=site/login&dispositivo=ios
in /Applications/XAMPP/xamppfiles/htdocs/vacunas/vacunas/protected/models/LoginForm.php (71)
in /Applications/XAMPP/xamppfiles/htdocs/vacunas/vacunas/protected/controllers/SiteController.php (95)
in /Applications/XAMPP/xamppfiles/htdocs/vacunas/vacunas/index.php (13)
2012/02/02 18:05:31 [error] [php] session_regenerate_id() [<a href='function.session-regenerate-id'>function.session-regenerate-id</a>]: Cannot regenerate session id - headers already sent (/Applications/XAMPP/xamppfiles/htdocs/vacunas/framework/web/CHttpSession.php:166)
Stack trace:
#0 /Applications/XAMPP/xamppfiles/htdocs/vacunas/framework/web/auth/CWebUser.php(213): CWebUser->changeIdentity()
#1 /Applications/XAMPP/xamppfiles/htdocs/vacunas/vacunas/protected/models/LoginForm.php(71): CWebUser->login()
#2 /Applications/XAMPP/xamppfiles/htdocs/vacunas/vacunas/protected/controllers/SiteController.php(95): LoginForm->login()
#3 /Applications/XAMPP/xamppfiles/htdocs/vacunas/framework/web/actions/CInlineAction.php(50): SiteController->actionLogin()
#4 /Applications/XAMPP/xamppfiles/htdocs/vacunas/framework/web/CController.php(300): CInlineAction->runWithParams()
#5 /Applications/XAMPP/xamppfiles/htdocs/vacunas/framework/web/CController.php(278): SiteController->runAction()
#6 /Applications/XAMPP/xamppfiles/htdocs/vacunas/framework/web/CController.php(257): SiteController->runActionWithFilters()
#7 /Applications/XAMPP/xamppfiles/htdocs/vacunas/framework/web/CWebApplication.php(277): SiteController->run()
#8 /Applications/XAMPP/xamppfiles/htdocs/vacunas/framework/web/CWebApplication.php(136): CWebApplication->runController()
#9 /Applications/XAMPP/xamppfiles/htdocs/vacunas/framework/base/CApplication.php(158): CWebApplication->processRequest()
#10 /Applications/XAMPP/xamppfiles/htdocs/vacunas/vacunas/index.php(13): CWebApplication->run()
REQUEST_URI=/vacunas/vacunas/index.php?r=site/login
in /Applications/XAMPP/xamppfiles/htdocs/vacunas/vacunas/protected/models/LoginForm.php (71)
in /Applications/XAMPP/xamppfiles/htdocs/vacunas/vacunas/protected/controllers/SiteController.php (95)
in /Applications/XAMPP/xamppfiles/htdocs/vacunas/vacunas/index.php (13)
2012/02/02 18:07:14 [error] [php] json_decode() expects parameter 1 to be string, array given (/Applications/XAMPP/xamppfiles/htdocs/vacunas/vacunas/protected/controllers/SiteController.php:84)
Stack trace:
#0 /Applications/XAMPP/xamppfiles/htdocs/vacunas/framework/web/CController.php(300): CInlineAction->runWithParams()
#1 /Applications/XAMPP/xamppfiles/htdocs/vacunas/framework/web/CController.php(278): SiteController->runAction()
#2 /Applications/XAMPP/xamppfiles/htdocs/vacunas/framework/web/CController.php(257): SiteController->runActionWithFilters()
#3 /Applications/XAMPP/xamppfiles/htdocs/vacunas/framework/web/CWebApplication.php(277): SiteController->run()
#4 /Applications/XAMPP/xamppfiles/htdocs/vacunas/framework/web/CWebApplication.php(136): CWebApplication->runController()
#5 /Applications/XAMPP/xamppfiles/htdocs/vacunas/framework/base/CApplication.php(158): CWebApplication->processRequest()
#6 /Applications/XAMPP/xamppfiles/htdocs/vacunas/vacunas/index.php(13): CWebApplication->run()
REQUEST_URI=/vacunas/vacunas/index.php?r=site/login
in /Applications/XAMPP/xamppfiles/htdocs/vacunas/vacunas/protected/controllers/SiteController.php (84)
in /Applications/XAMPP/xamppfiles/htdocs/vacunas/vacunas/index.php (13)
2012/02/02 18:07:59 [error] [php] json_decode() expects parameter 1 to be string, array given (/Applications/XAMPP/xamppfiles/htdocs/vacunas/vacunas/protected/controllers/SiteController.php:89)
Stack trace:
#0 /Applications/XAMPP/xamppfiles/htdocs/vacunas/framework/web/CController.php(300): CInlineAction->runWithParams()
#1 /Applications/XAMPP/xamppfiles/htdocs/vacunas/framework/web/CController.php(278): SiteController->runAction()
#2 /Applications/XAMPP/xamppfiles/htdocs/vacunas/framework/web/CController.php(257): SiteController->runActionWithFilters()
#3 /Applications/XAMPP/xamppfiles/htdocs/vacunas/framework/web/CWebApplication.php(277): SiteController->run()
#4 /Applications/XAMPP/xamppfiles/htdocs/vacunas/framework/web/CWebApplication.php(136): CWebApplication->runController()
#5 /Applications/XAMPP/xamppfiles/htdocs/vacunas/framework/base/CApplication.php(158): CWebApplication->processRequest()
#6 /Applications/XAMPP/xamppfiles/htdocs/vacunas/vacunas/index.php(13): CWebApplication->run()
REQUEST_URI=/vacunas/vacunas/index.php?r=site/login
in /Applications/XAMPP/xamppfiles/htdocs/vacunas/vacunas/protected/controllers/SiteController.php (89)
in /Applications/XAMPP/xamppfiles/htdocs/vacunas/vacunas/index.php (13)
2012/02/02 18:08:10 [error] [php] json_decode() expects parameter 1 to be string, array given (/Applications/XAMPP/xamppfiles/htdocs/vacunas/vacunas/protected/controllers/SiteController.php:89)
Stack trace:
#0 /Applications/XAMPP/xamppfiles/htdocs/vacunas/framework/web/CController.php(300): CInlineAction->runWithParams()
#1 /Applications/XAMPP/xamppfiles/htdocs/vacunas/framework/web/CController.php(278): SiteController->runAction()
#2 /Applications/XAMPP/xamppfiles/htdocs/vacunas/framework/web/CController.php(257): SiteController->runActionWithFilters()
#3 /Applications/XAMPP/xamppfiles/htdocs/vacunas/framework/web/CWebApplication.php(277): SiteController->run()
#4 /Applications/XAMPP/xamppfiles/htdocs/vacunas/framework/web/CWebApplication.php(136): CWebApplication->runController()
#5 /Applications/XAMPP/xamppfiles/htdocs/vacunas/framework/base/CApplication.php(158): CWebApplication->processRequest()
#6 /Applications/XAMPP/xamppfiles/htdocs/vacunas/vacunas/index.php(13): CWebApplication->run()
REQUEST_URI=/vacunas/vacunas/index.php?r=site/login
in /Applications/XAMPP/xamppfiles/htdocs/vacunas/vacunas/protected/controllers/SiteController.php (89)
in /Applications/XAMPP/xamppfiles/htdocs/vacunas/vacunas/index.php (13)
2012/02/02 18:09:10 [error] [php] session_regenerate_id() [<a href='function.session-regenerate-id'>function.session-regenerate-id</a>]: Cannot regenerate session id - headers already sent (/Applications/XAMPP/xamppfiles/htdocs/vacunas/framework/web/CHttpSession.php:166)
Stack trace:
#0 /Applications/XAMPP/xamppfiles/htdocs/vacunas/framework/web/auth/CWebUser.php(213): CWebUser->changeIdentity()
#1 /Applications/XAMPP/xamppfiles/htdocs/vacunas/vacunas/protected/models/LoginForm.php(71): CWebUser->login()
#2 /Applications/XAMPP/xamppfiles/htdocs/vacunas/vacunas/protected/controllers/SiteController.php(100): LoginForm->login()
#3 /Applications/XAMPP/xamppfiles/htdocs/vacunas/framework/web/actions/CInlineAction.php(50): SiteController->actionLogin()
#4 /Applications/XAMPP/xamppfiles/htdocs/vacunas/framework/web/CController.php(300): CInlineAction->runWithParams()
#5 /Applications/XAMPP/xamppfiles/htdocs/vacunas/framework/web/CController.php(278): SiteController->runAction()
#6 /Applications/XAMPP/xamppfiles/htdocs/vacunas/framework/web/CController.php(257): SiteController->runActionWithFilters()
#7 /Applications/XAMPP/xamppfiles/htdocs/vacunas/framework/web/CWebApplication.php(277): SiteController->run()
#8 /Applications/XAMPP/xamppfiles/htdocs/vacunas/framework/web/CWebApplication.php(136): CWebApplication->runController()
#9 /Applications/XAMPP/xamppfiles/htdocs/vacunas/framework/base/CApplication.php(158): CWebApplication->processRequest()
#10 /Applications/XAMPP/xamppfiles/htdocs/vacunas/vacunas/index.php(13): CWebApplication->run()
REQUEST_URI=/vacunas/vacunas/index.php?r=site/login
in /Applications/XAMPP/xamppfiles/htdocs/vacunas/vacunas/protected/models/LoginForm.php (71)
in /Applications/XAMPP/xamppfiles/htdocs/vacunas/vacunas/protected/controllers/SiteController.php (100)
in /Applications/XAMPP/xamppfiles/htdocs/vacunas/vacunas/index.php (13)
2012/02/02 18:09:24 [error] [php] session_regenerate_id() [<a href='function.session-regenerate-id'>function.session-regenerate-id</a>]: Cannot regenerate session id - headers already sent (/Applications/XAMPP/xamppfiles/htdocs/vacunas/framework/web/CHttpSession.php:166)
Stack trace:
#0 /Applications/XAMPP/xamppfiles/htdocs/vacunas/framework/web/auth/CWebUser.php(213): CWebUser->changeIdentity()
#1 /Applications/XAMPP/xamppfiles/htdocs/vacunas/vacunas/protected/models/LoginForm.php(71): CWebUser->login()
#2 /Applications/XAMPP/xamppfiles/htdocs/vacunas/vacunas/protected/controllers/SiteController.php(100): LoginForm->login()
#3 /Applications/XAMPP/xamppfiles/htdocs/vacunas/framework/web/actions/CInlineAction.php(50): SiteController->actionLogin()
#4 /Applications/XAMPP/xamppfiles/htdocs/vacunas/framework/web/CController.php(300): CInlineAction->runWithParams()
#5 /Applications/XAMPP/xamppfiles/htdocs/vacunas/framework/web/CController.php(278): SiteController->runAction()
#6 /Applications/XAMPP/xamppfiles/htdocs/vacunas/framework/web/CController.php(257): SiteController->runActionWithFilters()
#7 /Applications/XAMPP/xamppfiles/htdocs/vacunas/framework/web/CWebApplication.php(277): SiteController->run()
#8 /Applications/XAMPP/xamppfiles/htdocs/vacunas/framework/web/CWebApplication.php(136): CWebApplication->runController()
#9 /Applications/XAMPP/xamppfiles/htdocs/vacunas/framework/base/CApplication.php(158): CWebApplication->processRequest()
#10 /Applications/XAMPP/xamppfiles/htdocs/vacunas/vacunas/index.php(13): CWebApplication->run()
REQUEST_URI=/vacunas/vacunas/index.php?r=site/login
in /Applications/XAMPP/xamppfiles/htdocs/vacunas/vacunas/protected/models/LoginForm.php (71)
in /Applications/XAMPP/xamppfiles/htdocs/vacunas/vacunas/protected/controllers/SiteController.php (100)
in /Applications/XAMPP/xamppfiles/htdocs/vacunas/vacunas/index.php (13)
2012/02/02 18:35:52 [error] [system.db.CDbCommand] CDbCommand::fetchAll() failed: SQLSTATE[42S02]: Base table or view not found: 1146 Table '517226_vacuna.bebe' doesn't exist. The SQL statement executed was: SHOW COLUMNS FROM `bebe`.
in /Applications/XAMPP/xamppfiles/htdocs/vacunas/vacunas/index.php (13)
2012/02/02 18:35:52 [error] [exception.CDbException] exception 'CDbException' with message 'The table "bebe" for active record class "Bebe" cannot be found in the database.' in /Applications/XAMPP/xamppfiles/htdocs/vacunas/framework/db/ar/CActiveRecord.php:2276
Stack trace:
#0 /Applications/XAMPP/xamppfiles/htdocs/vacunas/framework/db/ar/CActiveRecord.php(372): CActiveRecordMetaData->__construct(Object(Bebe))
#1 /Applications/XAMPP/xamppfiles/htdocs/vacunas/framework/gii/generators/crud/CrudCode.php(66): CActiveRecord::model('Bebe')
#2 /Applications/XAMPP/xamppfiles/htdocs/vacunas/framework/validators/CInlineValidator.php(39): CrudCode->validateModel('model', Array)
#3 /Applications/XAMPP/xamppfiles/htdocs/vacunas/framework/validators/CValidator.php(192): CInlineValidator->validateAttribute(Object(CrudCode), 'model')
#4 /Applications/XAMPP/xamppfiles/htdocs/vacunas/framework/base/CModel.php(152): CValidator->validate(Object(CrudCode), NULL)
#5 /Applications/XAMPP/xamppfiles/htdocs/vacunas/framework/gii/CCodeGenerator.php(155): CModel->validate()
#6 /Applications/XAMPP/xamppfiles/htdocs/vacunas/framework/gii/CCodeGenerator.php(61): CCodeGenerator->prepare()
#7 /Applications/XAMPP/xamppfiles/htdocs/vacunas/framework/web/actions/CInlineAction.php(50): CCodeGenerator->actionIndex()
#8 /Applications/XAMPP/xamppfiles/htdocs/vacunas/framework/web/CController.php(300): CInlineAction->runWithParams(Array)
#9 /Applications/XAMPP/xamppfiles/htdocs/vacunas/framework/web/CController.php(278): CController->runAction(Object(CInlineAction))
#10 /Applications/XAMPP/xamppfiles/htdocs/vacunas/framework/web/CController.php(257): CController->runActionWithFilters(Object(CInlineAction), Array)
#11 /Applications/XAMPP/xamppfiles/htdocs/vacunas/framework/web/CWebApplication.php(277): CController->run('')
#12 /Applications/XAMPP/xamppfiles/htdocs/vacunas/framework/web/CWebApplication.php(136): CWebApplication->runController('gii/crud')
#13 /Applications/XAMPP/xamppfiles/htdocs/vacunas/framework/base/CApplication.php(158): CWebApplication->processRequest()
#14 /Applications/XAMPP/xamppfiles/htdocs/vacunas/vacunas/index.php(13): CApplication->run()
#15 {main} REQUEST_URI=/vacunas/vacunas/index.php?r=gii/crud
2012/02/02 19:23:53 [error] [exception.CException] exception 'CException' with message 'CActiveDataProvider and its behaviors do not have a method or closure named "getDataProvider".' in /Applications/XAMPP/xamppfiles/htdocs/vacunas/framework/base/CComponent.php:269
Stack trace:
#0 [internal function]: CComponent->__call('getDataProvider', Array)
#1 /Applications/XAMPP/xamppfiles/htdocs/vacunas/vacunas/protected/controllers/BebeController.php(131): CActiveDataProvider->getDataProvider()
#2 /Applications/XAMPP/xamppfiles/htdocs/vacunas/framework/web/actions/CInlineAction.php(50): BebeController->actionIndex()
#3 /Applications/XAMPP/xamppfiles/htdocs/vacunas/framework/web/CController.php(300): CInlineAction->runWithParams(Array)
#4 /Applications/XAMPP/xamppfiles/htdocs/vacunas/framework/web/filters/CFilterChain.php(134): CController->runAction(Object(CInlineAction))
#5 /Applications/XAMPP/xamppfiles/htdocs/vacunas/framework/web/filters/CFilter.php(41): CFilterChain->run()
#6 /Applications/XAMPP/xamppfiles/htdocs/vacunas/framework/web/CController.php(1144): CFilter->filter(Object(CFilterChain))
#7 /Applications/XAMPP/xamppfiles/htdocs/vacunas/framework/web/filters/CInlineFilter.php(59): CController->filterAccessControl(Object(CFilterChain))
#8 /Applications/XAMPP/xamppfiles/htdocs/vacunas/framework/web/filters/CFilterChain.php(131): CInlineFilter->filter(Object(CFilterChain))
#9 /Applications/XAMPP/xamppfiles/htdocs/vacunas/framework/web/CController.php(283): CFilterChain->run()
#10 /Applications/XAMPP/xamppfiles/htdocs/vacunas/framework/web/CController.php(257): CController->runActionWithFilters(Object(CInlineAction), Array)
#11 /Applications/XAMPP/xamppfiles/htdocs/vacunas/framework/web/CWebApplication.php(277): CController->run('index')
#12 /Applications/XAMPP/xamppfiles/htdocs/vacunas/framework/web/CWebApplication.php(136): CWebApplication->runController('bebe/index')
#13 /Applications/XAMPP/xamppfiles/htdocs/vacunas/framework/base/CApplication.php(158): CWebApplication->processRequest()
#14 /Applications/XAMPP/xamppfiles/htdocs/vacunas/vacunas/index.php(13): CApplication->run()
#15 {main} REQUEST_URI=/vacunas/vacunas/index.php?r=bebe/index
2012/02/02 19:53:56 [error] [exception.CException] exception 'CException' with message 'Property "CActiveDataProvider._attributes" is not defined.' in /Applications/XAMPP/xamppfiles/htdocs/vacunas/framework/base/CComponent.php:131
Stack trace:
#0 /Applications/XAMPP/xamppfiles/htdocs/vacunas/vacunas/protected/controllers/BebeController.php(149): CComponent->__get('_attributes')
#1 /Applications/XAMPP/xamppfiles/htdocs/vacunas/framework/web/actions/CInlineAction.php(50): BebeController->actionIndex()
#2 /Applications/XAMPP/xamppfiles/htdocs/vacunas/framework/web/CController.php(300): CInlineAction->runWithParams(Array)
#3 /Applications/XAMPP/xamppfiles/htdocs/vacunas/framework/web/filters/CFilterChain.php(134): CController->runAction(Object(CInlineAction))
#4 /Applications/XAMPP/xamppfiles/htdocs/vacunas/framework/web/filters/CFilter.php(41): CFilterChain->run()
#5 /Applications/XAMPP/xamppfiles/htdocs/vacunas/framework/web/CController.php(1144): CFilter->filter(Object(CFilterChain))
#6 /Applications/XAMPP/xamppfiles/htdocs/vacunas/framework/web/filters/CInlineFilter.php(59): CController->filterAccessControl(Object(CFilterChain))
#7 /Applications/XAMPP/xamppfiles/htdocs/vacunas/framework/web/filters/CFilterChain.php(131): CInlineFilter->filter(Object(CFilterChain))
#8 /Applications/XAMPP/xamppfiles/htdocs/vacunas/framework/web/CController.php(283): CFilterChain->run()
#9 /Applications/XAMPP/xamppfiles/htdocs/vacunas/framework/web/CController.php(257): CController->runActionWithFilters(Object(CInlineAction), Array)
#10 /Applications/XAMPP/xamppfiles/htdocs/vacunas/framework/web/CWebApplication.php(277): CController->run('index')
#11 /Applications/XAMPP/xamppfiles/htdocs/vacunas/framework/web/CWebApplication.php(136): CWebApplication->runController('bebe/index')
#12 /Applications/XAMPP/xamppfiles/htdocs/vacunas/framework/base/CApplication.php(158): CWebApplication->processRequest()
#13 /Applications/XAMPP/xamppfiles/htdocs/vacunas/vacunas/index.php(13): CApplication->run()
#14 {main} REQUEST_URI=/vacunas/vacunas/index.php?r=bebe/index
2012/02/02 19:56:02 [error] [exception.CException] exception 'CException' with message 'Property "Bebe._attributes" is not defined.' in /Applications/XAMPP/xamppfiles/htdocs/vacunas/framework/base/CComponent.php:131
Stack trace:
#0 /Applications/XAMPP/xamppfiles/htdocs/vacunas/framework/db/ar/CActiveRecord.php(129): CComponent->__get('_attributes')
#1 /Applications/XAMPP/xamppfiles/htdocs/vacunas/vacunas/protected/controllers/BebeController.php(149): CActiveRecord->__get('_attributes')
#2 /Applications/XAMPP/xamppfiles/htdocs/vacunas/framework/web/actions/CInlineAction.php(50): BebeController->actionIndex()
#3 /Applications/XAMPP/xamppfiles/htdocs/vacunas/framework/web/CController.php(300): CInlineAction->runWithParams(Array)
#4 /Applications/XAMPP/xamppfiles/htdocs/vacunas/framework/web/filters/CFilterChain.php(134): CController->runAction(Object(CInlineAction))
#5 /Applications/XAMPP/xamppfiles/htdocs/vacunas/framework/web/filters/CFilter.php(41): CFilterChain->run()
#6 /Applications/XAMPP/xamppfiles/htdocs/vacunas/framework/web/CController.php(1144): CFilter->filter(Object(CFilterChain))
#7 /Applications/XAMPP/xamppfiles/htdocs/vacunas/framework/web/filters/CInlineFilter.php(59): CController->filterAccessControl(Object(CFilterChain))
#8 /Applications/XAMPP/xamppfiles/htdocs/vacunas/framework/web/filters/CFilterChain.php(131): CInlineFilter->filter(Object(CFilterChain))
#9 /Applications/XAMPP/xamppfiles/htdocs/vacunas/framework/web/CController.php(283): CFilterChain->run()
#10 /Applications/XAMPP/xamppfiles/htdocs/vacunas/framework/web/CController.php(257): CController->runActionWithFilters(Object(CInlineAction), Array)
#11 /Applications/XAMPP/xamppfiles/htdocs/vacunas/framework/web/CWebApplication.php(277): CController->run('index')
#12 /Applications/XAMPP/xamppfiles/htdocs/vacunas/framework/web/CWebApplication.php(136): CWebApplication->runController('bebe/index')
#13 /Applications/XAMPP/xamppfiles/htdocs/vacunas/framework/base/CApplication.php(158): CWebApplication->processRequest()
#14 /Applications/XAMPP/xamppfiles/htdocs/vacunas/vacunas/index.php(13): CApplication->run()
#15 {main} REQUEST_URI=/vacunas/vacunas/index.php?r=bebe/index
2012/02/02 20:33:39 [error] [exception.CDbException] exception 'CDbException' with message 'CDbConnection failed to open the DB connection: SQLSTATE[HY000] [2003] Can't connect to MySQL server on '174.143.28.30' (65)' in /Applications/XAMPP/xamppfiles/htdocs/vacunas/framework/db/CDbConnection.php:364
Stack trace:
#0 /Applications/XAMPP/xamppfiles/htdocs/vacunas/framework/db/CDbConnection.php(313): CDbConnection->open()
#1 /Applications/XAMPP/xamppfiles/htdocs/vacunas/framework/db/CDbConnection.php(291): CDbConnection->setActive(true)
#2 /Applications/XAMPP/xamppfiles/htdocs/vacunas/framework/base/CModule.php(372): CDbConnection->init()
#3 /Applications/XAMPP/xamppfiles/htdocs/vacunas/framework/base/CApplication.php(429): CModule->getComponent('db')
#4 /Applications/XAMPP/xamppfiles/htdocs/vacunas/framework/db/ar/CActiveRecord.php(609): CApplication->getDb()
#5 /Applications/XAMPP/xamppfiles/htdocs/vacunas/framework/db/ar/CActiveRecord.php(2275): CActiveRecord->getDbConnection()
#6 /Applications/XAMPP/xamppfiles/htdocs/vacunas/framework/db/ar/CActiveRecord.php(372): CActiveRecordMetaData->__construct(Object(Bebe))
#7 /Applications/XAMPP/xamppfiles/htdocs/vacunas/framework/web/CActiveDataProvider.php(72): CActiveRecord::model('Bebe')
#8 /Applications/XAMPP/xamppfiles/htdocs/vacunas/vacunas/protected/controllers/BebeController.php(148): CActiveDataProvider->__construct('Bebe')
#9 /Applications/XAMPP/xamppfiles/htdocs/vacunas/framework/web/actions/CInlineAction.php(50): BebeController->actionIndex()
#10 /Applications/XAMPP/xamppfiles/htdocs/vacunas/framework/web/CController.php(300): CInlineAction->runWithParams(Array)
#11 /Applications/XAMPP/xamppfiles/htdocs/vacunas/framework/web/filters/CFilterChain.php(134): CController->runAction(Object(CInlineAction))
#12 /Applications/XAMPP/xamppfiles/htdocs/vacunas/framework/web/filters/CFilter.php(41): CFilterChain->run()
#13 /Applications/XAMPP/xamppfiles/htdocs/vacunas/framework/web/CController.php(1144): CFilter->filter(Object(CFilterChain))
#14 /Applications/XAMPP/xamppfiles/htdocs/vacunas/framework/web/filters/CInlineFilter.php(59): CController->filterAccessControl(Object(CFilterChain))
#15 /Applications/XAMPP/xamppfiles/htdocs/vacunas/framework/web/filters/CFilterChain.php(131): CInlineFilter->filter(Object(CFilterChain))
#16 /Applications/XAMPP/xamppfiles/htdocs/vacunas/framework/web/CController.php(283): CFilterChain->run()
#17 /Applications/XAMPP/xamppfiles/htdocs/vacunas/framework/web/CController.php(257): CController->runActionWithFilters(Object(CInlineAction), Array)
#18 /Applications/XAMPP/xamppfiles/htdocs/vacunas/framework/web/CWebApplication.php(277): CController->run('index')
#19 /Applications/XAMPP/xamppfiles/htdocs/vacunas/framework/web/CWebApplication.php(136): CWebApplication->runController('bebe/index')
#20 /Applications/XAMPP/xamppfiles/htdocs/vacunas/framework/base/CApplication.php(158): CWebApplication->processRequest()
#21 /Applications/XAMPP/xamppfiles/htdocs/vacunas/vacunas/index.php(13): CApplication->run()
#22 {main} REQUEST_URI=/vacunas/vacunas/index.php?r=bebe/index
2012/02/03 00:11:05 [error] [exception.CDbException] exception 'CDbException' with message 'CDbConnection failed to open the DB connection: SQLSTATE[HY000] [2013] Lost connection to MySQL server at 'reading authorization packet', system error: 0' in /Applications/XAMPP/xamppfiles/htdocs/vacunas/framework/db/CDbConnection.php:364
Stack trace:
#0 /Applications/XAMPP/xamppfiles/htdocs/vacunas/framework/db/CDbConnection.php(313): CDbConnection->open()
#1 /Applications/XAMPP/xamppfiles/htdocs/vacunas/framework/db/CDbConnection.php(291): CDbConnection->setActive(true)
#2 /Applications/XAMPP/xamppfiles/htdocs/vacunas/framework/base/CModule.php(372): CDbConnection->init()
#3 /Applications/XAMPP/xamppfiles/htdocs/vacunas/framework/base/CModule.php(86): CModule->getComponent('db')
#4 /Applications/XAMPP/xamppfiles/htdocs/vacunas/vacunas/protected/components/UserIdentity.php(26): CModule->__get('db')
#5 /Applications/XAMPP/xamppfiles/htdocs/vacunas/vacunas/protected/models/LoginForm.php(52): UserIdentity->authenticate()
#6 /Applications/XAMPP/xamppfiles/htdocs/vacunas/framework/validators/CInlineValidator.php(39): LoginForm->authenticate('password', Array)
#7 /Applications/XAMPP/xamppfiles/htdocs/vacunas/framework/validators/CValidator.php(192): CInlineValidator->validateAttribute(Object(LoginForm), 'password')
#8 /Applications/XAMPP/xamppfiles/htdocs/vacunas/framework/base/CModel.php(152): CValidator->validate(Object(LoginForm), NULL)
#9 /Applications/XAMPP/xamppfiles/htdocs/vacunas/vacunas/protected/controllers/SiteController.php(100): CModel->validate()
#10 /Applications/XAMPP/xamppfiles/htdocs/vacunas/framework/web/actions/CInlineAction.php(50): SiteController->actionLogin()
#11 /Applications/XAMPP/xamppfiles/htdocs/vacunas/framework/web/CController.php(300): CInlineAction->runWithParams(Array)
#12 /Applications/XAMPP/xamppfiles/htdocs/vacunas/framework/web/CController.php(278): CController->runAction(Object(CInlineAction))
#13 /Applications/XAMPP/xamppfiles/htdocs/vacunas/framework/web/CController.php(257): CController->runActionWithFilters(Object(CInlineAction), Array)
#14 /Applications/XAMPP/xamppfiles/htdocs/vacunas/framework/web/CWebApplication.php(277): CController->run('login')
#15 /Applications/XAMPP/xamppfiles/htdocs/vacunas/framework/web/CWebApplication.php(136): CWebApplication->runController('site/login')
#16 /Applications/XAMPP/xamppfiles/htdocs/vacunas/framework/base/CApplication.php(158): CWebApplication->processRequest()
#17 /Applications/XAMPP/xamppfiles/htdocs/vacunas/vacunas/index.php(13): CApplication->run()
#18 {main} REQUEST_URI=/vacunas/vacunas/index.php?r=site/login&dispositivo=ios
2012/02/07 16:48:01 [error] [exception.CHttpException.404] exception 'CHttpException' with message 'Unable to resolve the request "vacunas".' in /Applications/XAMPP/xamppfiles/htdocs/vacunas/framework/web/CWebApplication.php:281
Stack trace:
#0 /Applications/XAMPP/xamppfiles/htdocs/vacunas/framework/web/CWebApplication.php(136): CWebApplication->runController('vacunas')
#1 /Applications/XAMPP/xamppfiles/htdocs/vacunas/framework/base/CApplication.php(158): CWebApplication->processRequest()
#2 /Applications/XAMPP/xamppfiles/htdocs/vacunas/vacunas/index.php(13): CApplication->run()
#3 {main} REQUEST_URI=/vacunas/vacunas/index.php?r=vacunas
